<?xml version="1.0" encoding="UTF-8"?>
<testsuite xmlns:xsi="http://www.w3.org/2001/XMLSchema-instance" xsi:noNamespaceSchemaLocation="https://maven.apache.org/surefire/maven-surefire-plugin/xsd/surefire-test-report.xsd" name="org.com.demo.logger.LoggerFileTest" time="0.044" tests="5" errors="0" skipped="0" failures="0">
  <properties>
[...]
</properties>
  <testcase name="testLoggerFactory_FileType" classname="org.com.demo.logger.LoggerFileTest" time="0.015"/>
  <testcase name="testLoggerFile_addMessageInfo" classname="org.com.demo.logger.LoggerFileTest" time="0.013"/>
  <testcase name="testLoggerFactory_TypeNoValid" classname="org.com.demo.logger.LoggerFileTest" time="0"/>
  <testcase name="testLoggerFile_addMultipleMessage" classname="org.com.demo.logger.LoggerFileTest" time="0.012"/>
  <testcase name="testFileManager_HandlerValid" classname="org.com.demo.logger.LoggerFileTest" time="0.003"/>
</testsuite>